Build started 3/2/2015 4:00:22 PM.
     1>Project "E:\Code\7plsrc.225\7plus.vcxproj" on node 2 (Build target(s)).
     1>ClCompile:
         C:\Program Files (x86)\Microsoft Visual Studio 12.0\VC\bin\CL.exe /c /Zi /nologo /W3 /WX- /O2 /Oy- /D WIN32 /D NDEBUG /D _WINDOWS /Gm- /EHsc /MD /GS /fp:precise /Zc:wchar_t /Zc:forScope /Fo"Release\\" /Fd"Release\vc120.pdb" /Gd /TC /analyze- /errorReport:prompt 7plus.c correct.c decode.c encode.c extract.c join.c rebuild.c utils.c
         7plus.c
         correct.c
         decode.c
         encode.c
         extract.c
         join.c
         rebuild.c
         utils.c
         Generating Code...
       Link:
         C:\Program Files (x86)\Microsoft Visual Studio 12.0\VC\bin\link.exe /ERRORREPORT:PROMPT /OUT:"E:\Code\Packet\Release\7plus.exe" /INCREMENTAL /NOLOGO kernel32.lib user32.lib gdi32.lib winspool.lib comdlg32.lib advapi32.lib shell32.lib ole32.lib oleaut32.lib uuid.lib odbc32.lib odbccp32.lib /MANIFEST /MANIFESTUAC:"level='asInvoker' uiAccess='false'" /manifest:embed /DEBUG /PDB:"E:\Code\Packet\Release\7plus.pdb" /SUBSYSTEM:WINDOWS /OPT:REF /OPT:ICF /TLBID:1 /DYNAMICBASE /NXCOMPAT /IMPLIB:"E:\Code\Packet\Release\7plus.lib" /MACHINE:X86 /SAFESEH Release\7plus.obj
         Release\correct.obj
         Release\decode.obj
         Release\encode.obj
         Release\extract.obj
         Release\join.obj
         Release\rebuild.obj
         Release\utils.obj
     1>LINK : warning LNK4075: ignoring '/INCREMENTAL' due to '/OPT:ICF' specification
            Creating library E:\Code\Packet\Release\7plus.lib and object E:\Code\Packet\Release\7plus.exp
     1>MSVCRT.lib(crtexew.obj) : error LNK2019: unresolved external symbol _WinMain@16 referenced in function ___tmainCRTStartup
     1>E:\Code\Packet\Release\7plus.exe : fatal error LNK1120: 1 unresolved externals
     1>Done Building Project "E:\Code\7plsrc.225\7plus.vcxproj" (Build target(s)) -- FAILED.

Build FAILED.

Time Elapsed 00:00:03.60
